[ 2017-03-19T18:23:19+08:00 ]  
NOTIC: [8] Undefined index: REQUEST_URI E:\php_project\ThinkPHP_3.2_140202\ThinkPHP\Library\Think\Dispatcher.class.php 第 140 行.
NOTIC: [8] Undefined index: REQUEST_METHOD E:\php_project\ThinkPHP_3.2_140202\ThinkPHP\Library\Think\App.class.php 第 30 行.
INFO: [ app_begin ] --START--
INFO: Run Behavior\ReadHtmlCache [ RunTime:0.015600s ]
INFO: [ app_begin ] --END-- [ RunTime:0.015600s ]
INFO: [ view_parse ] --START--
INFO: [ template_filter ] --START--
NOTIC: [8] Use of undefined constant __ROOT__ - assumed '__ROOT__' E:\php_project\ThinkPHP_3.2_140202\ThinkPHP\Library\Behavior\ContentReplaceBehavior.class.php 第 31 行.
NOTIC: [8] Use of undefined constant __APP__ - assumed '__APP__' E:\php_project\ThinkPHP_3.2_140202\ThinkPHP\Library\Behavior\ContentReplaceBehavior.class.php 第 32 行.
NOTIC: [8] Use of undefined constant __MODULE__ - assumed '__MODULE__' E:\php_project\ThinkPHP_3.2_140202\ThinkPHP\Library\Behavior\ContentReplaceBehavior.class.php 第 33 行.
NOTIC: [8] Use of undefined constant __ACTION__ - assumed '__ACTION__' E:\php_project\ThinkPHP_3.2_140202\ThinkPHP\Library\Behavior\ContentReplaceBehavior.class.php 第 34 行.
NOTIC: [8] Use of undefined constant __CONTROLLER__ - assumed '__CONTROLLER__' E:\php_project\ThinkPHP_3.2_140202\ThinkPHP\Library\Behavior\ContentReplaceBehavior.class.php 第 36 行.
NOTIC: [8] Use of undefined constant __CONTROLLER__ - assumed '__CONTROLLER__' E:\php_project\ThinkPHP_3.2_140202\ThinkPHP\Library\Behavior\ContentReplaceBehavior.class.php 第 37 行.
NOTIC: [8] Use of undefined constant __ROOT__ - assumed '__ROOT__' E:\php_project\ThinkPHP_3.2_140202\ThinkPHP\Library\Behavior\ContentReplaceBehavior.class.php 第 38 行.
INFO: Run Behavior\ContentReplace [ RunTime:0.000000s ]
INFO: [ template_filter ] --END-- [ RunTime:0.000000s ]
INFO: Run Behavior\ParseTemplate [ RunTime:0.031200s ]
INFO: [ view_parse ] --END-- [ RunTime:0.031200s ]
INFO: [ view_filter ] --START--
INFO: Run Behavior\WriteHtmlCache [ RunTime:0.015600s ]
INFO: [ view_filter ] --END-- [ RunTime:0.015600s ]
INFO: [ app_end ] --START--
INFO: Run Behavior\ShowPageTrace [ RunTime:0.000000s ]
INFO: [ app_end ] --END-- [ RunTime:0.000000s ]

